GET /api/projects/5bc37149e7179a4377f870c0/comments 200 284 - 3427.012 ms
GET /api/projects/5bc37149e7179a4377f870c0/comments 200 284 - 3117.409 ms
GET /api/clients/5b9d1e46fb6fc00e4d765711/projects 404 17 - 3646.392 ms
POST /api/login/customer 200 149 - 2143.087 ms
GET /api/clients/5b9d1e46fb6fc00e4d765711/projects 200 2 - 2089.568 ms
GET /api/projects/5bc37149e7179a4377f870c0/comments 200 284 - 3184.395 ms
GET /api/clients/5b9d1e46fb6fc00e4d765711 200 134 - 2046.588 ms
PUT /api/clients/5b9d1e46fb6fc00e4d765711 400 10 - 2903.168 ms
GET /api/clients/5b9d1e46fb6fc00e4d765711 200 134 - 2486.139 ms
PUT /api/clients/5b9d1e46fb6fc00e4d765711 400 10 - 3628.160 ms
PUT /api/clients/5b9d1e46fb6fc00e4d765711 400 26 - 760.767 ms
PUT /api/clients/5b9d1e46fb6fc00e4d765711 400 24 - 718.982 ms
PUT /api/clients/5b9d1e46fb6fc00e4d765711 200 134 - 5162.497 ms
PUT /api/clients/5b9d1e46fb6fc00e4d765711 400 26 - 3684.292 ms
PUT /api/clients/5b9d1e46fb6fc00e4d765711 200 134 - 3242.782 ms
PUT /api/clients/5b9d1e46fb6fc00e4d765711 200 134 - 5451.431 ms
PUT /api/clients/5b9d1e46fb6fc00e4d765711 400 26 - 3353.348 ms
PUT /api/clients/5b9d1e46fb6fc00e4d765711 200 134 - 5549.720 ms
PUT /api/clients/5b9d1e46fb6fc00e4d765711 400 26 - 788.279 ms
PUT /api/clients/5b9d1e46fb6fc00e4d765711 200 134 - 5729.065 ms
PUT /api/clients/5b9d1e46fb6fc00e4d765711 400 26 - 2861.410 ms
PUT /api/clients/5b9d1e46fb6fc00e4d765711 200 134 - 5917.629 ms
