GET /api/Clients/5b9d1e46fb6fc00e4d76571157 404 177 - 3.988 ms
GET /api/clients/5b9d1e46fb6fc00e4d76571157 404 177 - 0.489 ms
GET /api/clients/5b9d1e46fb6fc00e4d76571157 400 10 - 4.563 ms
GET /api/clients/5b9d1e46fb6fc00e4d765790 400 - - 3848.721 ms
GET /api/clients/5b9d1e46fb6fc00e4d765790 404 16 - 1114.831 ms
GET /api/clients/5b9d1e46fb6fc00e4d765711 400 22 - 2617.426 ms
GET /api/clients/5b9d1e46fb6fc00e4d765710 404 17 - 1091.297 ms
GET /api/clients/5b9d1e46fb6fc00e4d765711 404 17 - 1061.055 ms
GET /api/clients/5b9d1e46fb6fc00e4d765710 404 17 - 1096.296 ms
GET /api/clients/5b9d1e46fb6fc00e4d765711 404 17 - 1097.309 ms
GET /api/clients/5b9d1e46fb6fc00e4d765710 404 17 - 1061.822 ms
GET /api/clients/5b9d1e46fb6fc00e4d765711 404 17 - 1186.197 ms
PUT /api/clients/5b9d1e46fb6fc00e4d765711 - - - 8622.695 ms
PUT /api/clients/5b9d1e46fb6fc00e4d765711 - - - 2597.985 ms
PUT /api/clients/5b9d1e46fb6fc00e4d765711 - - - 2533.392 ms
PUT /api/clients/5b9d1e46fb6fc00e4d765711 401 37 - 2834.166 ms
GET /api/projects/5bc37149e7179a4377f870c0/comments 404 185 - 3.492 ms
GET /api/projects/5bc37149e7179a4377f870c0/comments 404 185 - 3.265 ms
GET /api/projects/5bc37163e7179a4377f870c7/comments 404 18 - 2094.046 ms
POST /api/projects/5b9d1e46fb6fc00e4d762000/comments 404 18 - 8170.775 ms
